[ 2018-08-05T23:04:46+08:00 ] 127.0.0.1 /pk10/getPk10AwardData.do?0.42196433282345236&ajaxhandler=GetPk10AwardData
INFO: [ app_begin ] --START--
INFO: Run Behavior\ReadHtmlCache [ RunTime:0.004132s ]
INFO: [ app_begin ] --END-- [ RunTime:0.004640s ]
NOTIC: [2] Declaration of Fuzhi\Controller\EmptyController::_empty($name) should be compatible with Fuzhi\Controller\HomeController::_empty() Z:\Proj\php-ref\kaijiang\Application\Fuzhi\Controller\EmptyController.class.php 第 5 行.
SQL: SHOW COLUMNS FROM `ot_config` [ RunTime:0.002308s ]
SQL: SELECT `type`,`name`,`value` FROM `ot_config` WHERE ( `status` = 1 )  [ RunTime:0.000348s ]
SQL: select dat_codes,replace(dat_expect,'-','') dat_expect, dat_open_time from lot_data where dat_type=20 order by dat_expect desc limit 1 [ RunTime:0.001050s ]
SQL: select * from lot_type where isDelete=0 order by sort asc [ RunTime:0.000449s ]
SQL: select actionNo, actionTime from lot_data_time where type=20 and actionTime<='16:53:12' order by actionTime desc limit 1 [ RunTime:0.000794s ]
SQL: select actionNo, actionTime from lot_data_time where type=20 and actionTime>'16:53:12' order by actionTime limit 1 [ RunTime:0.000747s ]
INFO: [ app_end ] --START--
INFO: Run Behavior\ShowPageTrace [ RunTime:0.008000s ]
INFO: [ app_end ] --END-- [ RunTime:0.008050s ]

[ 2018-08-05T23:04:56+08:00 ] 127.0.0.1 /pk10/getPk10AwardData.do?0.7106403170335185&ajaxhandler=GetPk10AwardData
INFO: [ app_begin ] --START--
INFO: Run Behavior\ReadHtmlCache [ RunTime:0.007463s ]
INFO: [ app_begin ] --END-- [ RunTime:0.008115s ]
NOTIC: [2] Declaration of Fuzhi\Controller\EmptyController::_empty($name) should be compatible with Fuzhi\Controller\HomeController::_empty() Z:\Proj\php-ref\kaijiang\Application\Fuzhi\Controller\EmptyController.class.php 第 5 行.
SQL: SHOW COLUMNS FROM `ot_config` [ RunTime:0.003334s ]
SQL: SELECT `type`,`name`,`value` FROM `ot_config` WHERE ( `status` = 1 )  [ RunTime:0.000713s ]
SQL: select zmt_value from `lot_zst_meta` where zmt_group=UPPER('pk10') and zmt_key=UPPER('vc') [ RunTime:0.001326s ]
ERR: 1146:Table 'kaijiang.lot_zst_meta' doesn't exist
 [ SQL语句 ] : select zmt_value from `lot_zst_meta` where zmt_group=UPPER('pk10') and zmt_key=UPPER('vc')
SQL: insert into `lot_zst_meta` values(UPPER('pk10'),UPPER('vc'),'1.1') [ RunTime:0.001873s ]
ERR: 1146:Table 'kaijiang.lot_zst_meta' doesn't exist
 [ SQL语句 ] : insert into `lot_zst_meta` values(UPPER('pk10'),UPPER('vc'),'1.1')
SQL: select dat_codes,replace(dat_expect,'-','') dat_expect, dat_open_time from lot_data where dat_type=20 order by dat_expect desc limit 1 [ RunTime:0.001097s ]
SQL: select * from lot_type where isDelete=0 order by sort asc [ RunTime:0.000519s ]
SQL: select actionNo, actionTime from lot_data_time where type=20 and actionTime<='16:53:12' order by actionTime desc limit 1 [ RunTime:0.001939s ]
SQL: select actionNo, actionTime from lot_data_time where type=20 and actionTime>'16:53:12' order by actionTime limit 1 [ RunTime:0.001693s ]
INFO: [ app_end ] --START--
INFO: Run Behavior\ShowPageTrace [ RunTime:0.008930s ]
INFO: [ app_end ] --END-- [ RunTime:0.009019s ]

[ 2018-08-05T23:05:00+08:00 ] 127.0.0.1 /cqssc/getCqsscAwardData.do?0.7042799584758868
INFO: [ app_begin ] --START--
INFO: Run Behavior\ReadHtmlCache [ RunTime:0.011424s ]
INFO: [ app_begin ] --END-- [ RunTime:0.012226s ]
NOTIC: [2] Declaration of Fuzhi\Controller\EmptyController::_empty($name) should be compatible with Fuzhi\Controller\HomeController::_empty() Z:\Proj\php-ref\kaijiang\Application\Fuzhi\Controller\EmptyController.class.php 第 5 行.
SQL: SHOW COLUMNS FROM `ot_config` [ RunTime:0.004238s ]
SQL: SELECT `type`,`name`,`value` FROM `ot_config` WHERE ( `status` = 1 )  [ RunTime:0.000463s ]
SQL: select dat_codes,replace(dat_expect,'-','') dat_expect, dat_open_time from lot_data where dat_type=1 order by dat_expect desc limit 1 [ RunTime:0.000829s ]
SQL: select * from lot_type where isDelete=0 order by sort asc [ RunTime:0.000502s ]
SQL: select actionNo, actionTime from lot_data_time where type=1 and actionTime<='16:51:39' order by actionTime desc limit 1 [ RunTime:0.000792s ]
SQL: select actionNo, actionTime from lot_data_time where type=1 and actionTime>'16:51:39' order by actionTime limit 1 [ RunTime:0.000758s ]
INFO: [ app_end ] --START--
INFO: Run Behavior\ShowPageTrace [ RunTime:0.006619s ]
INFO: [ app_end ] --END-- [ RunTime:0.006670s ]

[ 2018-08-05T23:05:00+08:00 ] 127.0.0.1 /gdkl10/getGdkl10AwardData.do?0.9281027416707448
INFO: [ app_begin ] --START--
INFO: Run Behavior\ReadHtmlCache [ RunTime:0.011280s ]
INFO: [ app_begin ] --END-- [ RunTime:0.012359s ]
NOTIC: [2] Declaration of Fuzhi\Controller\EmptyController::_empty($name) should be compatible with Fuzhi\Controller\HomeController::_empty() Z:\Proj\php-ref\kaijiang\Application\Fuzhi\Controller\EmptyController.class.php 第 5 行.
SQL: SHOW COLUMNS FROM `ot_config` [ RunTime:0.004409s ]
SQL: SELECT `type`,`name`,`value` FROM `ot_config` WHERE ( `status` = 1 )  [ RunTime:0.000400s ]
SQL: select dat_codes,replace(dat_expect,'-','') dat_expect, dat_open_time from lot_data where dat_type=21 order by dat_expect desc limit 1 [ RunTime:0.001053s ]
SQL: select * from lot_type where isDelete=0 order by sort asc [ RunTime:0.000622s ]
SQL: select actionNo, actionTime from lot_data_time where type=21 and actionTime<='16:22:53' order by actionTime desc limit 1 [ RunTime:0.000524s ]
SQL: select actionNo, actionTime from lot_data_time where type=21 and actionTime>'16:22:53' order by actionTime limit 1 [ RunTime:0.000485s ]
INFO: [ app_end ] --START--
INFO: Run Behavior\ShowPageTrace [ RunTime:0.007187s ]
INFO: [ app_end ] --END-- [ RunTime:0.007234s ]

[ 2018-08-05T23:05:00+08:00 ] 127.0.0.1 /pk10/getPk10AwardData.do?0.8597346672529906
INFO: [ app_begin ] --START--
INFO: Run Behavior\ReadHtmlCache [ RunTime:0.009996s ]
INFO: [ app_begin ] --END-- [ RunTime:0.010879s ]
NOTIC: [2] Declaration of Fuzhi\Controller\EmptyController::_empty($name) should be compatible with Fuzhi\Controller\HomeController::_empty() Z:\Proj\php-ref\kaijiang\Application\Fuzhi\Controller\EmptyController.class.php 第 5 行.
SQL: SHOW COLUMNS FROM `ot_config` [ RunTime:0.003078s ]
SQL: SELECT `type`,`name`,`value` FROM `ot_config` WHERE ( `status` = 1 )  [ RunTime:0.000406s ]
SQL: select dat_codes,replace(dat_expect,'-','') dat_expect, dat_open_time from lot_data where dat_type=20 order by dat_expect desc limit 1 [ RunTime:0.000743s ]
SQL: select * from lot_type where isDelete=0 order by sort asc [ RunTime:0.000451s ]
SQL: select actionNo, actionTime from lot_data_time where type=20 and actionTime<='16:53:12' order by actionTime desc limit 1 [ RunTime:0.000767s ]
SQL: select actionNo, actionTime from lot_data_time where type=20 and actionTime>'16:53:12' order by actionTime limit 1 [ RunTime:0.000998s ]
INFO: [ app_end ] --START--
INFO: Run Behavior\ShowPageTrace [ RunTime:0.006971s ]
INFO: [ app_end ] --END-- [ RunTime:0.007130s ]

[ 2018-08-05T23:05:01+08:00 ] 127.0.0.1 /xyft/getPk10AwardTimes.do
INFO: [ app_begin ] --START--
INFO: Run Behavior\ReadHtmlCache [ RunTime:0.008247s ]
INFO: [ app_begin ] --END-- [ RunTime:0.009195s ]
NOTIC: [2] Declaration of Fuzhi\Controller\EmptyController::_empty($name) should be compatible with Fuzhi\Controller\HomeController::_empty() Z:\Proj\php-ref\kaijiang\Application\Fuzhi\Controller\EmptyController.class.php 第 5 行.
SQL: SHOW COLUMNS FROM `ot_config` [ RunTime:0.003393s ]
SQL: SELECT `type`,`name`,`value` FROM `ot_config` WHERE ( `status` = 1 )  [ RunTime:0.000580s ]
SQL: select * from lot_type where isDelete=0 order by sort asc [ RunTime:0.000640s ]
SQL: select actionNo, actionTime from lot_data_time where type=34 and actionTime<='23:05:31' order by actionTime desc limit 1 [ RunTime:0.000835s ]
SQL: select actionNo, actionTime from lot_data_time where type=34 and actionTime>'23:05:31' order by actionTime limit 1 [ RunTime:0.001062s ]
SQL: select dat_codes from lot_data where dat_type=34 and dat_expect='20180804-20' [ RunTime:0.000194s ]
NOTIC: [8] Undefined index: dat_codes Z:\Proj\php-ref\kaijiang\Application\Fuzhi\BLL\LottoryDataMgr.php 第 482 行.
SQL: select dat_codes from lot_data where dat_type=34 order by dat_id desc limit 1 [ RunTime:0.000294s ]
INFO: [ app_end ] --START--
INFO: Run Behavior\ShowPageTrace [ RunTime:0.008373s ]
INFO: [ app_end ] --END-- [ RunTime:0.008427s ]

[ 2018-08-05T23:05:01+08:00 ] 127.0.0.1 /cqssc/getPk10AwardTimes.do
INFO: [ app_begin ] --START--
INFO: Run Behavior\ReadHtmlCache [ RunTime:0.015444s ]
INFO: [ app_begin ] --END-- [ RunTime:0.016371s ]
NOTIC: [2] Declaration of Fuzhi\Controller\EmptyController::_empty($name) should be compatible with Fuzhi\Controller\HomeController::_empty() Z:\Proj\php-ref\kaijiang\Application\Fuzhi\Controller\EmptyController.class.php 第 5 行.
SQL: SHOW COLUMNS FROM `ot_config` [ RunTime:0.002707s ]
SQL: SELECT `type`,`name`,`value` FROM `ot_config` WHERE ( `status` = 1 )  [ RunTime:0.000393s ]
SQL: select * from lot_type where isDelete=0 order by sort asc [ RunTime:0.000563s ]
SQL: select actionNo, actionTime from lot_data_time where type=1 and actionTime<='23:05:31' order by actionTime desc limit 1 [ RunTime:0.001228s ]
SQL: select actionNo, actionTime from lot_data_time where type=1 and actionTime>'23:05:31' order by actionTime limit 1 [ RunTime:0.000840s ]
SQL: select dat_codes from lot_data where dat_type=1 and dat_expect='20180805-109' [ RunTime:0.000159s ]
NOTIC: [8] Undefined index: dat_codes Z:\Proj\php-ref\kaijiang\Application\Fuzhi\BLL\LottoryDataMgr.php 第 482 行.
SQL: select dat_codes from lot_data where dat_type=1 order by dat_id desc limit 1 [ RunTime:0.000209s ]
INFO: [ app_end ] --START--
INFO: Run Behavior\ShowPageTrace [ RunTime:0.004711s ]
INFO: [ app_end ] --END-- [ RunTime:0.004756s ]

[ 2018-08-05T23:05:01+08:00 ] 127.0.0.1 /pk10/getPk10AwardTimes.do
INFO: [ app_begin ] --START--
INFO: Run Behavior\ReadHtmlCache [ RunTime:0.010120s ]
INFO: [ app_begin ] --END-- [ RunTime:0.011633s ]
NOTIC: [2] Declaration of Fuzhi\Controller\EmptyController::_empty($name) should be compatible with Fuzhi\Controller\HomeController::_empty() Z:\Proj\php-ref\kaijiang\Application\Fuzhi\Controller\EmptyController.class.php 第 5 行.
SQL: SHOW COLUMNS FROM `ot_config` [ RunTime:0.003486s ]
SQL: SELECT `type`,`name`,`value` FROM `ot_config` WHERE ( `status` = 1 )  [ RunTime:0.000640s ]
SQL: select * from lot_type where isDelete=0 order by sort asc [ RunTime:0.001309s ]
SQL: select actionNo, actionTime from lot_data_time where type=20 and actionTime<='23:05:31' order by actionTime desc limit 1 [ RunTime:0.001432s ]
SQL: select actionNo, actionTime from lot_data_time where type=20 and actionTime>'23:05:31' order by actionTime limit 1 [ RunTime:0.001370s ]
SQL: select dat_codes from lot_data where dat_type=20 and dat_expect='699328' [ RunTime:0.000207s ]
NOTIC: [8] Undefined index: dat_codes Z:\Proj\php-ref\kaijiang\Application\Fuzhi\BLL\LottoryDataMgr.php 第 482 行.
SQL: select dat_codes from lot_data where dat_type=20 order by dat_id desc limit 1 [ RunTime:0.000253s ]
INFO: [ app_end ] --START--
INFO: Run Behavior\ShowPageTrace [ RunTime:0.007591s ]
INFO: [ app_end ] --END-- [ RunTime:0.007636s ]

[ 2018-08-05T23:05:01+08:00 ] 127.0.0.1 /gdkl10/getPk10AwardTimes.do
INFO: [ app_begin ] --START--
INFO: Run Behavior\ReadHtmlCache [ RunTime:0.006171s ]
INFO: [ app_begin ] --END-- [ RunTime:0.006866s ]
NOTIC: [2] Declaration of Fuzhi\Controller\EmptyController::_empty($name) should be compatible with Fuzhi\Controller\HomeController::_empty() Z:\Proj\php-ref\kaijiang\Application\Fuzhi\Controller\EmptyController.class.php 第 5 行.
SQL: SHOW COLUMNS FROM `ot_config` [ RunTime:0.003123s ]
SQL: SELECT `type`,`name`,`value` FROM `ot_config` WHERE ( `status` = 1 )  [ RunTime:0.000546s ]
SQL: select * from lot_type where isDelete=0 order by sort asc [ RunTime:0.001453s ]
SQL: select actionNo, actionTime from lot_data_time where type=21 and actionTime<='23:05:31' order by actionTime desc limit 1 [ RunTime:0.001080s ]
SQL: select actionNo, actionTime from lot_data_time where type=21 and actionTime>'23:05:31' order by actionTime limit 1 [ RunTime:0.001200s ]
SQL: select actionNo, actionTime from lot_data_time where type=21 order by actionTime limit 1 [ RunTime:0.000855s ]
SQL: select dat_codes from lot_data where dat_type=21 and dat_expect='20180805-84' [ RunTime:0.000301s ]
NOTIC: [8] Undefined index: dat_codes Z:\Proj\php-ref\kaijiang\Application\Fuzhi\BLL\LottoryDataMgr.php 第 482 行.
SQL: select dat_codes from lot_data where dat_type=21 order by dat_id desc limit 1 [ RunTime:0.000815s ]
INFO: [ app_end ] --START--
INFO: Run Behavior\ShowPageTrace [ RunTime:0.005962s ]
INFO: [ app_end ] --END-- [ RunTime:0.006032s ]

[ 2018-08-05T23:05:01+08:00 ] 127.0.0.1 /xync/getPk10AwardTimes.do
INFO: [ app_begin ] --START--
INFO: Run Behavior\ReadHtmlCache [ RunTime:0.007611s ]
INFO: [ app_begin ] --END-- [ RunTime:0.008303s ]
NOTIC: [2] Declaration of Fuzhi\Controller\EmptyController::_empty($name) should be compatible with Fuzhi\Controller\HomeController::_empty() Z:\Proj\php-ref\kaijiang\Application\Fuzhi\Controller\EmptyController.class.php 第 5 行.
SQL: SHOW COLUMNS FROM `ot_config` [ RunTime:0.007902s ]
SQL: SELECT `type`,`name`,`value` FROM `ot_config` WHERE ( `status` = 1 )  [ RunTime:0.000713s ]
SQL: select * from lot_type where isDelete=0 order by sort asc [ RunTime:0.000980s ]
SQL: select actionNo, actionTime from lot_data_time where type=18 and actionTime<='23:05:31' order by actionTime desc limit 1 [ RunTime:0.000897s ]
SQL: select actionNo, actionTime from lot_data_time where type=18 and actionTime>'23:05:31' order by actionTime limit 1 [ RunTime:0.001092s ]
SQL: select dat_codes from lot_data where dat_type=18 and dat_expect='20180805-092' [ RunTime:0.000314s ]
NOTIC: [8] Undefined index: dat_codes Z:\Proj\php-ref\kaijiang\Application\Fuzhi\BLL\LottoryDataMgr.php 第 482 行.
SQL: select dat_codes from lot_data where dat_type=18 order by dat_id desc limit 1 [ RunTime:0.000520s ]
INFO: [ app_end ] --START--
INFO: Run Behavior\ShowPageTrace [ RunTime:0.009596s ]
INFO: [ app_end ] --END-- [ RunTime:0.009651s ]

[ 2018-08-05T23:05:01+08:00 ] 127.0.0.1 /xjssc/getPk10AwardTimes.do
INFO: [ app_begin ] --START--
INFO: Run Behavior\ReadHtmlCache [ RunTime:0.020627s ]
INFO: [ app_begin ] --END-- [ RunTime:0.022159s ]
NOTIC: [2] Declaration of Fuzhi\Controller\EmptyController::_empty($name) should be compatible with Fuzhi\Controller\HomeController::_empty() Z:\Proj\php-ref\kaijiang\Application\Fuzhi\Controller\EmptyController.class.php 第 5 行.
SQL: SHOW COLUMNS FROM `ot_config` [ RunTime:0.006122s ]
SQL: SELECT `type`,`name`,`value` FROM `ot_config` WHERE ( `status` = 1 )  [ RunTime:0.000572s ]
SQL: select * from lot_type where isDelete=0 order by sort asc [ RunTime:0.001400s ]
SQL: select actionNo, actionTime from lot_data_time where type=35 and actionTime<='23:05:31' order by actionTime desc limit 1 [ RunTime:0.001626s ]
SQL: select actionNo, actionTime from lot_data_time where type=35 and actionTime>'23:05:31' order by actionTime limit 1 [ RunTime:0.000621s ]
SQL: select dat_codes from lot_data where dat_type=35 and dat_expect='20180805-78' [ RunTime:0.000381s ]
NOTIC: [8] Undefined index: dat_codes Z:\Proj\php-ref\kaijiang\Application\Fuzhi\BLL\LottoryDataMgr.php 第 482 行.
SQL: select dat_codes from lot_data where dat_type=35 order by dat_id desc limit 1 [ RunTime:0.000400s ]
INFO: [ app_end ] --START--
INFO: Run Behavior\ShowPageTrace [ RunTime:0.007892s ]
INFO: [ app_end ] --END-- [ RunTime:0.007959s ]

[ 2018-08-05T23:05:01+08:00 ] 127.0.0.1 /tjssc/getPk10AwardTimes.do
INFO: [ app_begin ] --START--
INFO: Run Behavior\ReadHtmlCache [ RunTime:0.011156s ]
INFO: [ app_begin ] --END-- [ RunTime:0.011895s ]
NOTIC: [2] Declaration of Fuzhi\Controller\EmptyController::_empty($name) should be compatible with Fuzhi\Controller\HomeController::_empty() Z:\Proj\php-ref\kaijiang\Application\Fuzhi\Controller\EmptyController.class.php 第 5 行.
SQL: SHOW COLUMNS FROM `ot_config` [ RunTime:0.002770s ]
SQL: SELECT `type`,`name`,`value` FROM `ot_config` WHERE ( `status` = 1 )  [ RunTime:0.000408s ]
SQL: select * from lot_type where isDelete=0 order by sort asc [ RunTime:0.000596s ]
SQL: select actionNo, actionTime from lot_data_time where type=3 and actionTime<='23:05:31' order by actionTime desc limit 1 [ RunTime:0.000539s ]
SQL: select actionNo, actionTime from lot_data_time where type=3 and actionTime>'23:05:31' order by actionTime limit 1 [ RunTime:0.000562s ]
SQL: select actionNo, actionTime from lot_data_time where type=3 order by actionTime limit 1 [ RunTime:0.000516s ]
SQL: select dat_codes from lot_data where dat_type=3 and dat_expect='20180805-084' [ RunTime:0.000205s ]
NOTIC: [8] Undefined index: dat_codes Z:\Proj\php-ref\kaijiang\Application\Fuzhi\BLL\LottoryDataMgr.php 第 482 行.
SQL: select dat_codes from lot_data where dat_type=3 order by dat_id desc limit 1 [ RunTime:0.000270s ]
INFO: [ app_end ] --START--
INFO: Run Behavior\ShowPageTrace [ RunTime:0.007194s ]
INFO: [ app_end ] --END-- [ RunTime:0.007242s ]

[ 2018-08-05T23:05:01+08:00 ] 127.0.0.1 /gd11x5/getPk10AwardTimes.do
INFO: [ app_begin ] --START--
INFO: Run Behavior\ReadHtmlCache [ RunTime:0.009442s ]
INFO: [ app_begin ] --END-- [ RunTime:0.010529s ]
NOTIC: [2] Declaration of Fuzhi\Controller\EmptyController::_empty($name) should be compatible with Fuzhi\Controller\HomeController::_empty() Z:\Proj\php-ref\kaijiang\Application\Fuzhi\Controller\EmptyController.class.php 第 5 行.
SQL: SHOW COLUMNS FROM `ot_config` [ RunTime:0.002756s ]
SQL: SELECT `type`,`name`,`value` FROM `ot_config` WHERE ( `status` = 1 )  [ RunTime:0.000436s ]
SQL: select * from lot_type where isDelete=0 order by sort asc [ RunTime:0.000472s ]
SQL: select actionNo, actionTime from lot_data_time where type=6 and actionTime<='23:05:51' order by actionTime desc limit 1 [ RunTime:0.000450s ]
SQL: select actionNo, actionTime from lot_data_time where type=6 and actionTime>'23:05:51' order by actionTime limit 1 [ RunTime:0.000414s ]
SQL: select actionNo, actionTime from lot_data_time where type=6 order by actionTime limit 1 [ RunTime:0.000396s ]
SQL: select dat_codes from lot_data where dat_type=6 and dat_expect='20180805-084' [ RunTime:0.000145s ]
NOTIC: [8] Undefined index: dat_codes Z:\Proj\php-ref\kaijiang\Application\Fuzhi\BLL\LottoryDataMgr.php 第 482 行.
SQL: select dat_codes from lot_data where dat_type=6 order by dat_id desc limit 1 [ RunTime:0.000165s ]
INFO: [ app_end ] --START--
INFO: Run Behavior\ShowPageTrace [ RunTime:0.004011s ]
INFO: [ app_end ] --END-- [ RunTime:0.004048s ]

[ 2018-08-05T23:05:01+08:00 ] 127.0.0.1 /jsk3/getPk10AwardTimes.do
INFO: [ app_begin ] --START--
INFO: Run Behavior\ReadHtmlCache [ RunTime:0.007792s ]
INFO: [ app_begin ] --END-- [ RunTime:0.008742s ]
NOTIC: [2] Declaration of Fuzhi\Controller\EmptyController::_empty($name) should be compatible with Fuzhi\Controller\HomeController::_empty() Z:\Proj\php-ref\kaijiang\Application\Fuzhi\Controller\EmptyController.class.php 第 5 行.
SQL: SHOW COLUMNS FROM `ot_config` [ RunTime:0.002366s ]
SQL: SELECT `type`,`name`,`value` FROM `ot_config` WHERE ( `status` = 1 )  [ RunTime:0.000370s ]
SQL: select * from lot_type where isDelete=0 order by sort asc [ RunTime:0.000447s ]
SQL: select actionNo, actionTime from lot_data_time where type=22 and actionTime<='23:05:31' order by actionTime desc limit 1 [ RunTime:0.000463s ]
SQL: select actionNo, actionTime from lot_data_time where type=22 and actionTime>'23:05:31' order by actionTime limit 1 [ RunTime:0.000421s ]
SQL: select actionNo, actionTime from lot_data_time where type=22 order by actionTime limit 1 [ RunTime:0.000398s ]
SQL: select dat_codes from lot_data where dat_type=22 and dat_expect='20180805-82' [ RunTime:0.000149s ]
NOTIC: [8] Undefined index: dat_codes Z:\Proj\php-ref\kaijiang\Application\Fuzhi\BLL\LottoryDataMgr.php 第 482 行.
SQL: select dat_codes from lot_data where dat_type=22 order by dat_id desc limit 1 [ RunTime:0.000209s ]
INFO: [ app_end ] --START--
INFO: Run Behavior\ShowPageTrace [ RunTime:0.005100s ]
INFO: [ app_end ] --END-- [ RunTime:0.005145s ]

[ 2018-08-05T23:05:01+08:00 ] 127.0.0.1 /pk10/numbertrendData.do?ball=1&count=25&t=0.7172630454182207
INFO: [ app_begin ] --START--
INFO: Run Behavior\ReadHtmlCache [ RunTime:0.011217s ]
INFO: [ app_begin ] --END-- [ RunTime:0.012054s ]
NOTIC: [2] Declaration of Fuzhi\Controller\EmptyController::_empty($name) should be compatible with Fuzhi\Controller\HomeController::_empty() Z:\Proj\php-ref\kaijiang\Application\Fuzhi\Controller\EmptyController.class.php 第 5 行.
SQL: SHOW COLUMNS FROM `ot_config` [ RunTime:0.003552s ]
SQL: SELECT `type`,`name`,`value` FROM `ot_config` WHERE ( `status` = 1 )  [ RunTime:0.000600s ]
SQL: select replace(dat_expect,'-','') dat_expect,dat_codes,dat_open_time from lot_data where dat_type=20 order by dat_expect desc limit 25 [ RunTime:0.000918s ]
INFO: [ app_end ] --START--
INFO: Run Behavior\ShowPageTrace [ RunTime:0.004841s ]
INFO: [ app_end ] --END-- [ RunTime:0.004891s ]

[ 2018-08-05T23:05:01+08:00 ] 127.0.0.1 /pk10/getPk10AwardData.do?0.05158862501846584&ajaxhandler=GetPk10AwardData
INFO: [ app_begin ] --START--
INFO: Run Behavior\ReadHtmlCache [ RunTime:0.006933s ]
INFO: [ app_begin ] --END-- [ RunTime:0.007655s ]
NOTIC: [2] Declaration of Fuzhi\Controller\EmptyController::_empty($name) should be compatible with Fuzhi\Controller\HomeController::_empty() Z:\Proj\php-ref\kaijiang\Application\Fuzhi\Controller\EmptyController.class.php 第 5 行.
SQL: SHOW COLUMNS FROM `ot_config` [ RunTime:0.002415s ]
SQL: SELECT `type`,`name`,`value` FROM `ot_config` WHERE ( `status` = 1 )  [ RunTime:0.000356s ]
SQL: select dat_codes,replace(dat_expect,'-','') dat_expect, dat_open_time from lot_data where dat_type=20 order by dat_expect desc limit 1 [ RunTime:0.000810s ]
SQL: select * from lot_type where isDelete=0 order by sort asc [ RunTime:0.000470s ]
SQL: select actionNo, actionTime from lot_data_time where type=20 and actionTime<='16:53:12' order by actionTime desc limit 1 [ RunTime:0.000762s ]
SQL: select actionNo, actionTime from lot_data_time where type=20 and actionTime>'16:53:12' order by actionTime limit 1 [ RunTime:0.000740s ]
INFO: [ app_end ] --START--
INFO: Run Behavior\ShowPageTrace [ RunTime:0.005892s ]
INFO: [ app_end ] --END-- [ RunTime:0.005981s ]

[ 2018-08-05T23:05:02+08:00 ] 127.0.0.1 /pk10/numbertrendData.do?ball=1&count=25&t=0.569899428826202
INFO: [ app_begin ] --START--
INFO: Run Behavior\ReadHtmlCache [ RunTime:0.004450s ]
INFO: [ app_begin ] --END-- [ RunTime:0.004996s ]
NOTIC: [2] Declaration of Fuzhi\Controller\EmptyController::_empty($name) should be compatible with Fuzhi\Controller\HomeController::_empty() Z:\Proj\php-ref\kaijiang\Application\Fuzhi\Controller\EmptyController.class.php 第 5 行.
SQL: SHOW COLUMNS FROM `ot_config` [ RunTime:0.003130s ]
SQL: SELECT `type`,`name`,`value` FROM `ot_config` WHERE ( `status` = 1 )  [ RunTime:0.000478s ]
INFO: [ app_end ] --START--
INFO: Run Behavior\ShowPageTrace [ RunTime:0.005281s ]
INFO: [ app_end ] --END-- [ RunTime:0.005381s ]

[ 2018-08-05T23:05:12+08:00 ] 127.0.0.1 /pk10/getPk10AwardData.do?0.7179342395163484&ajaxhandler=GetPk10AwardData
INFO: [ app_begin ] --START--
INFO: Run Behavior\ReadHtmlCache [ RunTime:0.004092s ]
INFO: [ app_begin ] --END-- [ RunTime:0.004643s ]
NOTIC: [2] Declaration of Fuzhi\Controller\EmptyController::_empty($name) should be compatible with Fuzhi\Controller\HomeController::_empty() Z:\Proj\php-ref\kaijiang\Application\Fuzhi\Controller\EmptyController.class.php 第 5 行.
SQL: SHOW COLUMNS FROM `ot_config` [ RunTime:0.002311s ]
SQL: SELECT `type`,`name`,`value` FROM `ot_config` WHERE ( `status` = 1 )  [ RunTime:0.000404s ]
SQL: select dat_codes,replace(dat_expect,'-','') dat_expect, dat_open_time from lot_data where dat_type=20 order by dat_expect desc limit 1 [ RunTime:0.000856s ]
SQL: select * from lot_type where isDelete=0 order by sort asc [ RunTime:0.000445s ]
SQL: select actionNo, actionTime from lot_data_time where type=20 and actionTime<='16:53:12' order by actionTime desc limit 1 [ RunTime:0.000768s ]
SQL: select actionNo, actionTime from lot_data_time where type=20 and actionTime>'16:53:12' order by actionTime limit 1 [ RunTime:0.000748s ]
INFO: [ app_end ] --START--
INFO: Run Behavior\ShowPageTrace [ RunTime:0.004528s ]
INFO: [ app_end ] --END-- [ RunTime:0.004567s ]

[ 2018-08-05T23:05:22+08:00 ] 127.0.0.1 /pk10/getPk10AwardData.do?0.5093679802776794&ajaxhandler=GetPk10AwardData
INFO: [ app_begin ] --START--
INFO: Run Behavior\ReadHtmlCache [ RunTime:0.004649s ]
INFO: [ app_begin ] --END-- [ RunTime:0.005219s ]
NOTIC: [2] Declaration of Fuzhi\Controller\EmptyController::_empty($name) should be compatible with Fuzhi\Controller\HomeController::_empty() Z:\Proj\php-ref\kaijiang\Application\Fuzhi\Controller\EmptyController.class.php 第 5 行.
SQL: SHOW COLUMNS FROM `ot_config` [ RunTime:0.002446s ]
SQL: SELECT `type`,`name`,`value` FROM `ot_config` WHERE ( `status` = 1 )  [ RunTime:0.000371s ]
SQL: select dat_codes,replace(dat_expect,'-','') dat_expect, dat_open_time from lot_data where dat_type=20 order by dat_expect desc limit 1 [ RunTime:0.000750s ]
SQL: select * from lot_type where isDelete=0 order by sort asc [ RunTime:0.000450s ]
SQL: select actionNo, actionTime from lot_data_time where type=20 and actionTime<='16:53:12' order by actionTime desc limit 1 [ RunTime:0.000755s ]
SQL: select actionNo, actionTime from lot_data_time where type=20 and actionTime>'16:53:12' order by actionTime limit 1 [ RunTime:0.000820s ]
INFO: [ app_end ] --START--
INFO: Run Behavior\ShowPageTrace [ RunTime:0.005212s ]
INFO: [ app_end ] --END-- [ RunTime:0.005265s ]

[ 2018-08-05T23:05:31+08:00 ] 127.0.0.1 /xyft/getPk10AwardTimes.do
INFO: [ app_begin ] --START--
INFO: Run Behavior\ReadHtmlCache [ RunTime:0.046332s ]
INFO: [ app_begin ] --END-- [ RunTime:0.047958s ]
NOTIC: [2] Declaration of Fuzhi\Controller\EmptyController::_empty($name) should be compatible with Fuzhi\Controller\HomeController::_empty() Z:\Proj\php-ref\kaijiang\Application\Fuzhi\Controller\EmptyController.class.php 第 5 行.
SQL: SHOW COLUMNS FROM `ot_config` [ RunTime:0.002902s ]
SQL: SELECT `type`,`name`,`value` FROM `ot_config` WHERE ( `status` = 1 )  [ RunTime:0.000450s ]
SQL: select * from lot_type where isDelete=0 order by sort asc [ RunTime:0.000723s ]
SQL: select actionNo, actionTime from lot_data_time where type=34 and actionTime<='23:06:01' order by actionTime desc limit 1 [ RunTime:0.002578s ]
SQL: select actionNo, actionTime from lot_data_time where type=34 and actionTime>'23:06:01' order by actionTime limit 1 [ RunTime:0.002633s ]
SQL: select dat_codes from lot_data where dat_type=34 and dat_expect='20180804-20' [ RunTime:0.000281s ]
NOTIC: [8] Undefined index: dat_codes Z:\Proj\php-ref\kaijiang\Application\Fuzhi\BLL\LottoryDataMgr.php 第 482 行.
SQL: select dat_codes from lot_data where dat_type=34 order by dat_id desc limit 1 [ RunTime:0.000474s ]
INFO: [ app_end ] --START--
INFO: Run Behavior\ShowPageTrace [ RunTime:0.010614s ]
INFO: [ app_end ] --END-- [ RunTime:0.015792s ]

